<?xml version='1.0' encoding='UTF-8'?>
<testsuite hostname="Victorias-MacBook-Pro-4.local" name="sutd.compiler.simp.TestTypeInf" tests="15" errors="0" failures="4" skipped="0" time="0.162" timestamp="2023-11-24T15:04:39">
          <properties>
[...]
</properties>
          <testcase classname="sutd.compiler.simp.TestTypeInf" name="test typeinf type substitution [int/a]a" time="0.046">
                      
                    </testcase><testcase classname="sutd.compiler.simp.TestTypeInf" name="test typeinf type substitution [int/a]b" time="0.0">
                      
                    </testcase><testcase classname="sutd.compiler.simp.TestTypeInf" name="test typeinf type substitution [int/a]bool" time="0.001">
                      
                    </testcase><testcase classname="sutd.compiler.simp.TestTypeInf" name="test typeinf type substitution ([int/a]o[a/b])b" time="0.0">
                      
                    </testcase><testcase classname="sutd.compiler.simp.TestTypeInf" name="test typeinf unification (Int,Bool) should fail." time="0.002">
                      
                    </testcase><testcase classname="sutd.compiler.simp.TestTypeInf" name="test typeinf unification (Int,a) should ground a." time="0.001">
                      
                    </testcase><testcase classname="sutd.compiler.simp.TestTypeInf" name="test typeinf unification {(Int,a), (a, b)} should ground b." time="0.0">
                      
                    </testcase><testcase classname="sutd.compiler.simp.TestTypeInf" name="test typeinf unification {(a, b), (Int, Int) (Int,a)} should ground b." time="0.029">
                      
                    </testcase><testcase classname="sutd.compiler.simp.TestTypeInf" name="test typeinf sum()" time="0.065">
                      <failure type="org.scalatest.exceptions.TestFailedException">org.scalatest.exceptions.TestFailedException
	at org.scalatest.Assertions.newAssertionFailedException(Assertions.scala:476)
	at org.scalatest.Assertions.newAssertionFailedException$(Assertions.scala:421)
	at org.scalatest.Assertions$.newAssertionFailedException(Assertions.scala:1385)
	at org.scalatest.Assertions$AssertionsHelper.macroAssert(Assertions.scala:1460)
	at sutd.compiler.simp.TestTypeInf.testFun$proxy9$1(TestTypeInf.scala:132)
	at sutd.compiler.simp.TestTypeInf.$init$$$anonfun$9(TestTypeInf.scala:113)
	at org.scalatest.funsuite.AnyFunSuiteLike.testImpl$$anonfun$1(AnyFunSuiteLike.scala:125)
	at org.scalatest.Transformer.apply$$anonfun$1(Transformer.scala:22)
	at org.scalatest.OutcomeOf.outcomeOf(OutcomeOf.scala:85)
	at org.scalatest.OutcomeOf.outcomeOf$(OutcomeOf.scala:31)
	at org.scalatest.OutcomeOf$.outcomeOf(OutcomeOf.scala:104)
	at org.scalatest.Transformer.apply(Transformer.scala:22)
	at org.scalatest.Transformer.apply(Transformer.scala:21)
	at org.scalatest.funsuite.AnyFunSuiteLike$$anon$1.apply(AnyFunSuiteLike.scala:206)
	at org.scalatest.TestSuite.withFixture(TestSuite.scala:196)
	at org.scalatest.TestSuite.withFixture$(TestSuite.scala:138)
	at org.scalatest.funsuite.AnyFunSuite.withFixture(AnyFunSuite.scala:1563)
	at org.scalatest.funsuite.AnyFunSuiteLike.invokeWithFixture$1(AnyFunSuiteLike.scala:212)
	at org.scalatest.funsuite.AnyFunSuiteLike.runTest$$anonfun$1(AnyFunSuiteLike.scala:216)
	at org.scalatest.SuperEngine.runTestImpl(Engine.scala:306)
	at org.scalatest.funsuite.AnyFunSuiteLike.runTest(AnyFunSuiteLike.scala:216)
	at org.scalatest.funsuite.AnyFunSuiteLike.runTest$(AnyFunSuiteLike.scala:47)
	at org.scalatest.funsuite.AnyFunSuite.runTest(AnyFunSuite.scala:1563)
	at org.scalatest.funsuite.AnyFunSuiteLike.runTests$$anonfun$1(AnyFunSuiteLike.scala:249)
	at org.scalatest.SuperEngine.traverseSubNodes$2$$anonfun$1(Engine.scala:413)
	at scala.runtime.function.JProcedure1.apply(JProcedure1.java:15)
	at scala.runtime.function.JProcedure1.apply(JProcedure1.java:10)
	at scala.collection.immutable.List.foreach(List.scala:333)
	at org.scalatest.SuperEngine.traverseSubNodes$1(Engine.scala:429)
	at org.scalatest.SuperEngine.runTestsInBranch(Engine.scala:396)
	at org.scalatest.SuperEngine.runTestsImpl(Engine.scala:475)
	at org.scalatest.funsuite.AnyFunSuiteLike.runTests(AnyFunSuiteLike.scala:249)
	at org.scalatest.funsuite.AnyFunSuiteLike.runTests$(AnyFunSuiteLike.scala:47)
	at org.scalatest.funsuite.AnyFunSuite.runTests(AnyFunSuite.scala:1563)
	at org.scalatest.Suite.run(Suite.scala:1112)
	at org.scalatest.Suite.run$(Suite.scala:563)
	at org.scalatest.funsuite.AnyFunSuite.org$scalatest$funsuite$AnyFunSuiteLike$$super$run(AnyFunSuite.scala:1563)
	at org.scalatest.funsuite.AnyFunSuiteLike.run$$anonfun$1(AnyFunSuiteLike.scala:253)
	at org.scalatest.SuperEngine.runImpl(Engine.scala:535)
	at org.scalatest.funsuite.AnyFunSuiteLike.run(AnyFunSuiteLike.scala:253)
	at org.scalatest.funsuite.AnyFunSuiteLike.run$(AnyFunSuiteLike.scala:47)
	at org.scalatest.funsuite.AnyFunSuite.run(AnyFunSuite.scala:1563)
	at org.scalatest.tools.Framework.org$scalatest$tools$Framework$$runSuite(Framework.scala:318)
	at org.scalatest.tools.Framework$ScalaTestTask.execute(Framework.scala:513)
	at sbt.TestRunner.runTest$1(TestFramework.scala:153)
	at sbt.TestRunner.run(TestFramework.scala:168)
	at sbt.TestFramework$$anon$3$$anonfun$$lessinit$greater$1.$anonfun$apply$1(TestFramework.scala:336)
	at sbt.TestFramework$.sbt$TestFramework$$withContextLoader(TestFramework.scala:296)
	at sbt.TestFramework$$anon$3$$anonfun$$lessinit$greater$1.apply(TestFramework.scala:336)
	at sbt.TestFramework$$anon$3$$anonfun$$lessinit$greater$1.apply(TestFramework.scala:336)
	at sbt.TestFunction.apply(TestFramework.scala:348)
	at sbt.Tests$.$anonfun$toTask$1(Tests.scala:436)
	at sbt.std.Transform$$anon$3.$anonfun$apply$2(Transform.scala:47)
	at sbt.std.Transform$$anon$4.work(Transform.scala:69)
	at sbt.Execute.$anonfun$submit$2(Execute.scala:283)
	at sbt.internal.util.ErrorHandling$.wideConvert(ErrorHandling.scala:24)
	at sbt.Execute.work(Execute.scala:292)
	at sbt.Execute.$anonfun$submit$1(Execute.scala:283)
	at sbt.ConcurrentRestrictions$$anon$4.$anonfun$submitValid$1(ConcurrentRestrictions.scala:265)
	at sbt.CompletionService$$anon$2.call(CompletionService.scala:65)
	at java.base/java.util.concurrent.FutureTask.run(FutureTask.java:264)
	at java.base/java.util.concurrent.Executors$RunnableAdapter.call(Executors.java:539)
	at java.base/java.util.concurrent.FutureTask.run(FutureTask.java:264)
	at java.base/java.util.concurrent.ThreadPoolExecutor.runWorker(ThreadPoolExecutor.java:1136)
	at java.base/java.util.concurrent.ThreadPoolExecutor$Worker.run(ThreadPoolExecutor.java:635)
	at java.base/java.lang.Thread.run(Thread.java:833)
</failure>
                    </testcase><testcase classname="sutd.compiler.simp.TestTypeInf" name="test typeinf fib" time="0.003">
                      <failure type="org.scalatest.exceptions.TestFailedException">org.scalatest.exceptions.TestFailedException
	at org.scalatest.Assertions.newAssertionFailedException(Assertions.scala:476)
	at org.scalatest.Assertions.newAssertionFailedException$(Assertions.scala:421)
	at org.scalatest.Assertions$.newAssertionFailedException(Assertions.scala:1385)
	at org.scalatest.Assertions$AssertionsHelper.macroAssert(Assertions.scala:1460)
	at sutd.compiler.simp.TestTypeInf.testFun$proxy10$1(TestTypeInf.scala:178)
	at sutd.compiler.simp.TestTypeInf.$init$$$anonfun$10(TestTypeInf.scala:153)
	at org.scalatest.funsuite.AnyFunSuiteLike.testImpl$$anonfun$1(AnyFunSuiteLike.scala:125)
	at org.scalatest.Transformer.apply$$anonfun$1(Transformer.scala:22)
	at org.scalatest.OutcomeOf.outcomeOf(OutcomeOf.scala:85)
	at org.scalatest.OutcomeOf.outcomeOf$(OutcomeOf.scala:31)
	at org.scalatest.OutcomeOf$.outcomeOf(OutcomeOf.scala:104)
	at org.scalatest.Transformer.apply(Transformer.scala:22)
	at org.scalatest.Transformer.apply(Transformer.scala:21)
	at org.scalatest.funsuite.AnyFunSuiteLike$$anon$1.apply(AnyFunSuiteLike.scala:206)
	at org.scalatest.TestSuite.withFixture(TestSuite.scala:196)
	at org.scalatest.TestSuite.withFixture$(TestSuite.scala:138)
	at org.scalatest.funsuite.AnyFunSuite.withFixture(AnyFunSuite.scala:1563)
	at org.scalatest.funsuite.AnyFunSuiteLike.invokeWithFixture$1(AnyFunSuiteLike.scala:212)
	at org.scalatest.funsuite.AnyFunSuiteLike.runTest$$anonfun$1(AnyFunSuiteLike.scala:216)
	at org.scalatest.SuperEngine.runTestImpl(Engine.scala:306)
	at org.scalatest.funsuite.AnyFunSuiteLike.runTest(AnyFunSuiteLike.scala:216)
	at org.scalatest.funsuite.AnyFunSuiteLike.runTest$(AnyFunSuiteLike.scala:47)
	at org.scalatest.funsuite.AnyFunSuite.runTest(AnyFunSuite.scala:1563)
	at org.scalatest.funsuite.AnyFunSuiteLike.runTests$$anonfun$1(AnyFunSuiteLike.scala:249)
	at org.scalatest.SuperEngine.traverseSubNodes$2$$anonfun$1(Engine.scala:413)
	at scala.runtime.function.JProcedure1.apply(JProcedure1.java:15)
	at scala.runtime.function.JProcedure1.apply(JProcedure1.java:10)
	at scala.collection.immutable.List.foreach(List.scala:333)
	at org.scalatest.SuperEngine.traverseSubNodes$1(Engine.scala:429)
	at org.scalatest.SuperEngine.runTestsInBranch(Engine.scala:396)
	at org.scalatest.SuperEngine.runTestsImpl(Engine.scala:475)
	at org.scalatest.funsuite.AnyFunSuiteLike.runTests(AnyFunSuiteLike.scala:249)
	at org.scalatest.funsuite.AnyFunSuiteLike.runTests$(AnyFunSuiteLike.scala:47)
	at org.scalatest.funsuite.AnyFunSuite.runTests(AnyFunSuite.scala:1563)
	at org.scalatest.Suite.run(Suite.scala:1112)
	at org.scalatest.Suite.run$(Suite.scala:563)
	at org.scalatest.funsuite.AnyFunSuite.org$scalatest$funsuite$AnyFunSuiteLike$$super$run(AnyFunSuite.scala:1563)
	at org.scalatest.funsuite.AnyFunSuiteLike.run$$anonfun$1(AnyFunSuiteLike.scala:253)
	at org.scalatest.SuperEngine.runImpl(Engine.scala:535)
	at org.scalatest.funsuite.AnyFunSuiteLike.run(AnyFunSuiteLike.scala:253)
	at org.scalatest.funsuite.AnyFunSuiteLike.run$(AnyFunSuiteLike.scala:47)
	at org.scalatest.funsuite.AnyFunSuite.run(AnyFunSuite.scala:1563)
	at org.scalatest.tools.Framework.org$scalatest$tools$Framework$$runSuite(Framework.scala:318)
	at org.scalatest.tools.Framework$ScalaTestTask.execute(Framework.scala:513)
	at sbt.TestRunner.runTest$1(TestFramework.scala:153)
	at sbt.TestRunner.run(TestFramework.scala:168)
	at sbt.TestFramework$$anon$3$$anonfun$$lessinit$greater$1.$anonfun$apply$1(TestFramework.scala:336)
	at sbt.TestFramework$.sbt$TestFramework$$withContextLoader(TestFramework.scala:296)
	at sbt.TestFramework$$anon$3$$anonfun$$lessinit$greater$1.apply(TestFramework.scala:336)
	at sbt.TestFramework$$anon$3$$anonfun$$lessinit$greater$1.apply(TestFramework.scala:336)
	at sbt.TestFunction.apply(TestFramework.scala:348)
	at sbt.Tests$.$anonfun$toTask$1(Tests.scala:436)
	at sbt.std.Transform$$anon$3.$anonfun$apply$2(Transform.scala:47)
	at sbt.std.Transform$$anon$4.work(Transform.scala:69)
	at sbt.Execute.$anonfun$submit$2(Execute.scala:283)
	at sbt.internal.util.ErrorHandling$.wideConvert(ErrorHandling.scala:24)
	at sbt.Execute.work(Execute.scala:292)
	at sbt.Execute.$anonfun$submit$1(Execute.scala:283)
	at sbt.ConcurrentRestrictions$$anon$4.$anonfun$submitValid$1(ConcurrentRestrictions.scala:265)
	at sbt.CompletionService$$anon$2.call(CompletionService.scala:65)
	at java.base/java.util.concurrent.FutureTask.run(FutureTask.java:264)
	at java.base/java.util.concurrent.Executors$RunnableAdapter.call(Executors.java:539)
	at java.base/java.util.concurrent.FutureTask.run(FutureTask.java:264)
	at java.base/java.util.concurrent.ThreadPoolExecutor.runWorker(ThreadPoolExecutor.java:1136)
	at java.base/java.util.concurrent.ThreadPoolExecutor$Worker.run(ThreadPoolExecutor.java:635)
	at java.base/java.lang.Thread.run(Thread.java:833)
</failure>
                    </testcase><testcase classname="sutd.compiler.simp.TestTypeInf" name="test typeinf should fail in grounding input and x's types" time="0.002">
                      
                    </testcase><testcase classname="sutd.compiler.simp.TestTypeInf" name="test typeinf should fail in unifying int with bool" time="0.004">
                      
                    </testcase><testcase classname="sutd.compiler.simp.TestTypeInf" name="test typeinf no while and if" time="0.001">
                      <failure type="org.scalatest.exceptions.TestFailedException">org.scalatest.exceptions.TestFailedException
	at org.scalatest.Assertions.newAssertionFailedException(Assertions.scala:476)
	at org.scalatest.Assertions.newAssertionFailedException$(Assertions.scala:421)
	at org.scalatest.Assertions$.newAssertionFailedException(Assertions.scala:1385)
	at org.scalatest.Assertions$AssertionsHelper.macroAssert(Assertions.scala:1460)
	at sutd.compiler.simp.TestTypeInf.testFun$proxy13$1(TestTypeInf.scala:273)
	at sutd.compiler.simp.TestTypeInf.$init$$$anonfun$13(TestTypeInf.scala:258)
	at org.scalatest.funsuite.AnyFunSuiteLike.testImpl$$anonfun$1(AnyFunSuiteLike.scala:125)
	at org.scalatest.Transformer.apply$$anonfun$1(Transformer.scala:22)
	at org.scalatest.OutcomeOf.outcomeOf(OutcomeOf.scala:85)
	at org.scalatest.OutcomeOf.outcomeOf$(OutcomeOf.scala:31)
	at org.scalatest.OutcomeOf$.outcomeOf(OutcomeOf.scala:104)
	at org.scalatest.Transformer.apply(Transformer.scala:22)
	at org.scalatest.Transformer.apply(Transformer.scala:21)
	at org.scalatest.funsuite.AnyFunSuiteLike$$anon$1.apply(AnyFunSuiteLike.scala:206)
	at org.scalatest.TestSuite.withFixture(TestSuite.scala:196)
	at org.scalatest.TestSuite.withFixture$(TestSuite.scala:138)
	at org.scalatest.funsuite.AnyFunSuite.withFixture(AnyFunSuite.scala:1563)
	at org.scalatest.funsuite.AnyFunSuiteLike.invokeWithFixture$1(AnyFunSuiteLike.scala:212)
	at org.scalatest.funsuite.AnyFunSuiteLike.runTest$$anonfun$1(AnyFunSuiteLike.scala:216)
	at org.scalatest.SuperEngine.runTestImpl(Engine.scala:306)
	at org.scalatest.funsuite.AnyFunSuiteLike.runTest(AnyFunSuiteLike.scala:216)
	at org.scalatest.funsuite.AnyFunSuiteLike.runTest$(AnyFunSuiteLike.scala:47)
	at org.scalatest.funsuite.AnyFunSuite.runTest(AnyFunSuite.scala:1563)
	at org.scalatest.funsuite.AnyFunSuiteLike.runTests$$anonfun$1(AnyFunSuiteLike.scala:249)
	at org.scalatest.SuperEngine.traverseSubNodes$2$$anonfun$1(Engine.scala:413)
	at scala.runtime.function.JProcedure1.apply(JProcedure1.java:15)
	at scala.runtime.function.JProcedure1.apply(JProcedure1.java:10)
	at scala.collection.immutable.List.foreach(List.scala:333)
	at org.scalatest.SuperEngine.traverseSubNodes$1(Engine.scala:429)
	at org.scalatest.SuperEngine.runTestsInBranch(Engine.scala:396)
	at org.scalatest.SuperEngine.runTestsImpl(Engine.scala:475)
	at org.scalatest.funsuite.AnyFunSuiteLike.runTests(AnyFunSuiteLike.scala:249)
	at org.scalatest.funsuite.AnyFunSuiteLike.runTests$(AnyFunSuiteLike.scala:47)
	at org.scalatest.funsuite.AnyFunSuite.runTests(AnyFunSuite.scala:1563)
	at org.scalatest.Suite.run(Suite.scala:1112)
	at org.scalatest.Suite.run$(Suite.scala:563)
	at org.scalatest.funsuite.AnyFunSuite.org$scalatest$funsuite$AnyFunSuiteLike$$super$run(AnyFunSuite.scala:1563)
	at org.scalatest.funsuite.AnyFunSuiteLike.run$$anonfun$1(AnyFunSuiteLike.scala:253)
	at org.scalatest.SuperEngine.runImpl(Engine.scala:535)
	at org.scalatest.funsuite.AnyFunSuiteLike.run(AnyFunSuiteLike.scala:253)
	at org.scalatest.funsuite.AnyFunSuiteLike.run$(AnyFunSuiteLike.scala:47)
	at org.scalatest.funsuite.AnyFunSuite.run(AnyFunSuite.scala:1563)
	at org.scalatest.tools.Framework.org$scalatest$tools$Framework$$runSuite(Framework.scala:318)
	at org.scalatest.tools.Framework$ScalaTestTask.execute(Framework.scala:513)
	at sbt.TestRunner.runTest$1(TestFramework.scala:153)
	at sbt.TestRunner.run(TestFramework.scala:168)
	at sbt.TestFramework$$anon$3$$anonfun$$lessinit$greater$1.$anonfun$apply$1(TestFramework.scala:336)
	at sbt.TestFramework$.sbt$TestFramework$$withContextLoader(TestFramework.scala:296)
	at sbt.TestFramework$$anon$3$$anonfun$$lessinit$greater$1.apply(TestFramework.scala:336)
	at sbt.TestFramework$$anon$3$$anonfun$$lessinit$greater$1.apply(TestFramework.scala:336)
	at sbt.TestFunction.apply(TestFramework.scala:348)
	at sbt.Tests$.$anonfun$toTask$1(Tests.scala:436)
	at sbt.std.Transform$$anon$3.$anonfun$apply$2(Transform.scala:47)
	at sbt.std.Transform$$anon$4.work(Transform.scala:69)
	at sbt.Execute.$anonfun$submit$2(Execute.scala:283)
	at sbt.internal.util.ErrorHandling$.wideConvert(ErrorHandling.scala:24)
	at sbt.Execute.work(Execute.scala:292)
	at sbt.Execute.$anonfun$submit$1(Execute.scala:283)
	at sbt.ConcurrentRestrictions$$anon$4.$anonfun$submitValid$1(ConcurrentRestrictions.scala:265)
	at sbt.CompletionService$$anon$2.call(CompletionService.scala:65)
	at java.base/java.util.concurrent.FutureTask.run(FutureTask.java:264)
	at java.base/java.util.concurrent.Executors$RunnableAdapter.call(Executors.java:539)
	at java.base/java.util.concurrent.FutureTask.run(FutureTask.java:264)
	at java.base/java.util.concurrent.ThreadPoolExecutor.runWorker(ThreadPoolExecutor.java:1136)
	at java.base/java.util.concurrent.ThreadPoolExecutor$Worker.run(ThreadPoolExecutor.java:635)
	at java.base/java.lang.Thread.run(Thread.java:833)
</failure>
                    </testcase><testcase classname="sutd.compiler.simp.TestTypeInf" name="test typeinf one variable" time="0.007">
                      
                    </testcase><testcase classname="sutd.compiler.simp.TestTypeInf" name="test typeinf 3 variables" time="0.001">
                      <failure type="org.scalatest.exceptions.TestFailedException">org.scalatest.exceptions.TestFailedException
	at org.scalatest.Assertions.newAssertionFailedException(Assertions.scala:476)
	at org.scalatest.Assertions.newAssertionFailedException$(Assertions.scala:421)
	at org.scalatest.Assertions$.newAssertionFailedException(Assertions.scala:1385)
	at org.scalatest.Assertions$AssertionsHelper.macroAssert(Assertions.scala:1460)
	at sutd.compiler.simp.TestTypeInf.testFun$proxy15$1(TestTypeInf.scala:323)
	at sutd.compiler.simp.TestTypeInf.$init$$$anonfun$15(TestTypeInf.scala:309)
	at org.scalatest.funsuite.AnyFunSuiteLike.testImpl$$anonfun$1(AnyFunSuiteLike.scala:125)
	at org.scalatest.Transformer.apply$$anonfun$1(Transformer.scala:22)
	at org.scalatest.OutcomeOf.outcomeOf(OutcomeOf.scala:85)
	at org.scalatest.OutcomeOf.outcomeOf$(OutcomeOf.scala:31)
	at org.scalatest.OutcomeOf$.outcomeOf(OutcomeOf.scala:104)
	at org.scalatest.Transformer.apply(Transformer.scala:22)
	at org.scalatest.Transformer.apply(Transformer.scala:21)
	at org.scalatest.funsuite.AnyFunSuiteLike$$anon$1.apply(AnyFunSuiteLike.scala:206)
	at org.scalatest.TestSuite.withFixture(TestSuite.scala:196)
	at org.scalatest.TestSuite.withFixture$(TestSuite.scala:138)
	at org.scalatest.funsuite.AnyFunSuite.withFixture(AnyFunSuite.scala:1563)
	at org.scalatest.funsuite.AnyFunSuiteLike.invokeWithFixture$1(AnyFunSuiteLike.scala:212)
	at org.scalatest.funsuite.AnyFunSuiteLike.runTest$$anonfun$1(AnyFunSuiteLike.scala:216)
	at org.scalatest.SuperEngine.runTestImpl(Engine.scala:306)
	at org.scalatest.funsuite.AnyFunSuiteLike.runTest(AnyFunSuiteLike.scala:216)
	at org.scalatest.funsuite.AnyFunSuiteLike.runTest$(AnyFunSuiteLike.scala:47)
	at org.scalatest.funsuite.AnyFunSuite.runTest(AnyFunSuite.scala:1563)
	at org.scalatest.funsuite.AnyFunSuiteLike.runTests$$anonfun$1(AnyFunSuiteLike.scala:249)
	at org.scalatest.SuperEngine.traverseSubNodes$2$$anonfun$1(Engine.scala:413)
	at scala.runtime.function.JProcedure1.apply(JProcedure1.java:15)
	at scala.runtime.function.JProcedure1.apply(JProcedure1.java:10)
	at scala.collection.immutable.List.foreach(List.scala:333)
	at org.scalatest.SuperEngine.traverseSubNodes$1(Engine.scala:429)
	at org.scalatest.SuperEngine.runTestsInBranch(Engine.scala:396)
	at org.scalatest.SuperEngine.runTestsImpl(Engine.scala:475)
	at org.scalatest.funsuite.AnyFunSuiteLike.runTests(AnyFunSuiteLike.scala:249)
	at org.scalatest.funsuite.AnyFunSuiteLike.runTests$(AnyFunSuiteLike.scala:47)
	at org.scalatest.funsuite.AnyFunSuite.runTests(AnyFunSuite.scala:1563)
	at org.scalatest.Suite.run(Suite.scala:1112)
	at org.scalatest.Suite.run$(Suite.scala:563)
	at org.scalatest.funsuite.AnyFunSuite.org$scalatest$funsuite$AnyFunSuiteLike$$super$run(AnyFunSuite.scala:1563)
	at org.scalatest.funsuite.AnyFunSuiteLike.run$$anonfun$1(AnyFunSuiteLike.scala:253)
	at org.scalatest.SuperEngine.runImpl(Engine.scala:535)
	at org.scalatest.funsuite.AnyFunSuiteLike.run(AnyFunSuiteLike.scala:253)
	at org.scalatest.funsuite.AnyFunSuiteLike.run$(AnyFunSuiteLike.scala:47)
	at org.scalatest.funsuite.AnyFunSuite.run(AnyFunSuite.scala:1563)
	at org.scalatest.tools.Framework.org$scalatest$tools$Framework$$runSuite(Framework.scala:318)
	at org.scalatest.tools.Framework$ScalaTestTask.execute(Framework.scala:513)
	at sbt.TestRunner.runTest$1(TestFramework.scala:153)
	at sbt.TestRunner.run(TestFramework.scala:168)
	at sbt.TestFramework$$anon$3$$anonfun$$lessinit$greater$1.$anonfun$apply$1(TestFramework.scala:336)
	at sbt.TestFramework$.sbt$TestFramework$$withContextLoader(TestFramework.scala:296)
	at sbt.TestFramework$$anon$3$$anonfun$$lessinit$greater$1.apply(TestFramework.scala:336)
	at sbt.TestFramework$$anon$3$$anonfun$$lessinit$greater$1.apply(TestFramework.scala:336)
	at sbt.TestFunction.apply(TestFramework.scala:348)
	at sbt.Tests$.$anonfun$toTask$1(Tests.scala:436)
	at sbt.std.Transform$$anon$3.$anonfun$apply$2(Transform.scala:47)
	at sbt.std.Transform$$anon$4.work(Transform.scala:69)
	at sbt.Execute.$anonfun$submit$2(Execute.scala:283)
	at sbt.internal.util.ErrorHandling$.wideConvert(ErrorHandling.scala:24)
	at sbt.Execute.work(Execute.scala:292)
	at sbt.Execute.$anonfun$submit$1(Execute.scala:283)
	at sbt.ConcurrentRestrictions$$anon$4.$anonfun$submitValid$1(ConcurrentRestrictions.scala:265)
	at sbt.CompletionService$$anon$2.call(CompletionService.scala:65)
	at java.base/java.util.concurrent.FutureTask.run(FutureTask.java:264)
	at java.base/java.util.concurrent.Executors$RunnableAdapter.call(Executors.java:539)
	at java.base/java.util.concurrent.FutureTask.run(FutureTask.java:264)
	at java.base/java.util.concurrent.ThreadPoolExecutor.runWorker(ThreadPoolExecutor.java:1136)
	at java.base/java.util.concurrent.ThreadPoolExecutor$Worker.run(ThreadPoolExecutor.java:635)
	at java.base/java.lang.Thread.run(Thread.java:833)
</failure>
                    </testcase>
          <system-out><![CDATA[]]></system-out>
          <system-err><![CDATA[]]></system-err>
        </testsuite>